14:29:14.340 INFO  runners.BBOSBaseCucumberRunnerLoginTest -@BeforeSuite - Test Suite Started: 1542378554334
14:29:31.627 INFO  runners.BBOSBaseCucumberRunnerSearchTest -@@BeforeSuite - Test Suite Started: 1542378571627
14:29:32.756 INFO  runners.BBOSBaseCucumberRunnerLoginTest -@BeforeMethod 
14:29:38.197 ERROR runners.BBOSBaseCucumberRunnerSearchTest -@@@AfterMethod - Fail:feature
14:29:43.231 INFO  runners.BBOSBaseCucumberRunnerLoginTest -@AfterMethod 
14:29:43.231 ERROR runners.BBOSBaseCucumberRunnerLoginTest -@@@AfterMethod - Fail:feature
14:29:43.232 INFO  runners.BBOSBaseCucumberRunnerLoginTest -@BeforeMethod 
14:29:54.957 INFO  runners.BBOSBaseCucumberRunnerLoginTest -@AfterMethod 
14:29:54.957 ERROR runners.BBOSBaseCucumberRunnerLoginTest -@@@AfterMethod - Fail:feature
14:29:54.958 INFO  runners.BBOSBaseCucumberRunnerLoginTest -@AfterClass: 
14:29:58.539 ERROR runners.BBOSBaseCucumberRunnerSearchTest -@@@AfterMethod - Fail:feature
14:29:58.539 INFO  runners.BBOSBaseCucumberRunnerSearchTest -@@AfterClass: 
14:29:58.923 INFO  runners.BBOSBaseCucumberRunnerLoginTest -@@AfterSuite - Test Suite Started: 1542378554334
14:29:59.820 INFO  runners.BBOSBaseCucumberRunnerSearchTest -@@AfterSuite - Test Suite Started: 1542378571627
14:46:26.573 INFO  runners.BBOSBaseCucumberRunnerLoginTest -@BeforeSuite - Test Suite Started: 1542379586567
14:46:44.360 INFO  runners.BBOSBaseCucumberRunnerSearchTest -@@BeforeSuite - Test Suite Started: 1542379604360
14:46:45.227 INFO  runners.BBOSBaseCucumberRunnerLoginTest -@BeforeMethod 
14:46:50.892 INFO  runners.BBOSBaseCucumberRunnerLoginTest -@AfterMethod 
14:46:50.892 ERROR runners.BBOSBaseCucumberRunnerLoginTest -@@@AfterMethod - Fail:feature
14:46:50.893 INFO  runners.BBOSBaseCucumberRunnerLoginTest -@BeforeMethod 
14:46:56.023 INFO  runners.BBOSBaseCucumberRunnerLoginTest -@AfterMethod 
14:46:56.023 ERROR runners.BBOSBaseCucumberRunnerLoginTest -@@@AfterMethod - Fail:feature
14:46:56.023 INFO  runners.BBOSBaseCucumberRunnerLoginTest -@BeforeMethod 
14:47:01.102 INFO  runners.BBOSBaseCucumberRunnerLoginTest -@AfterMethod 
14:47:01.102 ERROR runners.BBOSBaseCucumberRunnerLoginTest -@@@AfterMethod - Fail:feature
14:47:01.102 INFO  runners.BBOSBaseCucumberRunnerLoginTest -@AfterClass: 
14:47:04.404 ERROR runners.BBOSBaseCucumberRunnerSearchTest -@@@AfterMethod - Fail:feature
14:47:04.405 INFO  runners.BBOSBaseCucumberRunnerSearchTest -@@AfterClass: 
14:47:04.831 INFO  runners.BBOSBaseCucumberRunnerLoginTest -@@AfterSuite - Test Suite Started: 1542379586567
14:47:05.724 INFO  runners.BBOSBaseCucumberRunnerSearchTest -@@AfterSuite - Test Suite Started: 1542379604360
14:53:46.484 INFO  runners.BBOSBaseCucumberRunnerLoginTest -@BeforeSuite - Test Suite Started: 1542380026477
14:54:03.320 INFO  runners.BBOSBaseCucumberRunnerSearchTest -@@BeforeSuite - Test Suite Started: 1542380043320
14:54:04.332 INFO  runners.BBOSBaseCucumberRunnerLoginTest -@BeforeMethod 
14:54:09.798 INFO  runners.BBOSBaseCucumberRunnerLoginTest -@AfterMethod 
14:54:09.799 ERROR runners.BBOSBaseCucumberRunnerLoginTest -@@@AfterMethod - Fail:feature
14:54:09.799 INFO  runners.BBOSBaseCucumberRunnerLoginTest -@BeforeMethod 
14:54:14.926 INFO  runners.BBOSBaseCucumberRunnerLoginTest -@AfterMethod 
14:54:14.927 ERROR runners.BBOSBaseCucumberRunnerLoginTest -@@@AfterMethod - Fail:feature
14:54:14.927 INFO  runners.BBOSBaseCucumberRunnerLoginTest -@BeforeMethod 
14:54:20.005 INFO  runners.BBOSBaseCucumberRunnerLoginTest -@AfterMethod 
14:54:20.005 ERROR runners.BBOSBaseCucumberRunnerLoginTest -@@@AfterMethod - Fail:feature
14:54:20.006 INFO  runners.BBOSBaseCucumberRunnerLoginTest -@AfterClass: 
14:54:23.253 ERROR runners.BBOSBaseCucumberRunnerSearchTest -@@@AfterMethod - Fail:feature
14:54:23.253 INFO  runners.BBOSBaseCucumberRunnerSearchTest -@@AfterClass: 
14:54:23.757 INFO  runners.BBOSBaseCucumberRunnerLoginTest -@@AfterSuite - Test Suite Started: 1542380026477
14:54:24.630 INFO  runners.BBOSBaseCucumberRunnerSearchTest -@@AfterSuite - Test Suite Started: 1542380043320
14:57:36.467 INFO  runners.BBOSBaseCucumberRunnerLoginTest -@BeforeSuite - Test Suite Started: 1542380256461
14:57:56.242 INFO  runners.BBOSBaseCucumberRunnerSearchTest -@@BeforeSuite - Test Suite Started: 1542380276242
14:57:57.205 INFO  runners.BBOSBaseCucumberRunnerLoginTest -@BeforeMethod 
14:58:03.224 ERROR runners.BBOSBaseCucumberRunnerSearchTest -@@@AfterMethod - Fail:feature
14:58:08.411 ERROR runners.BBOSBaseCucumberRunnerSearchTest -@@@AfterMethod - Fail:feature
14:58:13.552 ERROR runners.BBOSBaseCucumberRunnerSearchTest -@@@AfterMethod - Fail:feature
14:58:13.553 INFO  runners.BBOSBaseCucumberRunnerSearchTest -@@AfterClass: 
14:58:16.745 INFO  runners.BBOSBaseCucumberRunnerLoginTest -@AfterMethod 
14:58:16.745 ERROR runners.BBOSBaseCucumberRunnerLoginTest -@@@AfterMethod - Fail:feature
14:58:16.746 INFO  runners.BBOSBaseCucumberRunnerLoginTest -@AfterClass: 
14:58:17.145 INFO  runners.BBOSBaseCucumberRunnerLoginTest -@@AfterSuite - Test Suite Started: 1542380256461
14:58:17.997 INFO  runners.BBOSBaseCucumberRunnerSearchTest -@@AfterSuite - Test Suite Started: 1542380276242
15:01:22.520 INFO  runners.BBOSBaseCucumberRunnerLoginTest -@BeforeSuite - Test Suite Started: 1542380482513
15:01:38.212 INFO  runners.BBOSBaseCucumberRunnerSearchTest -@@BeforeSuite - Test Suite Started: 1542380498212
15:01:39.165 INFO  runners.BBOSBaseCucumberRunnerLoginTest -@BeforeMethod 
15:01:44.562 ERROR runners.BBOSBaseCucumberRunnerSearchTest -@@@AfterMethod - Fail:feature
15:01:49.640 ERROR runners.BBOSBaseCucumberRunnerSearchTest -@@@AfterMethod - Fail:feature
15:01:54.773 ERROR runners.BBOSBaseCucumberRunnerSearchTest -@@@AfterMethod - Fail:feature
15:01:54.774 INFO  runners.BBOSBaseCucumberRunnerSearchTest -@@AfterClass: 
15:02:02.450 INFO  runners.BBOSBaseCucumberRunnerLoginTest -@AfterMethod 
15:02:02.451 ERROR runners.BBOSBaseCucumberRunnerLoginTest -@@@AfterMethod - Fail:feature
15:02:02.451 INFO  runners.BBOSBaseCucumberRunnerLoginTest -@AfterClass: 
15:02:02.924 INFO  runners.BBOSBaseCucumberRunnerLoginTest -@@AfterSuite - Test Suite Started: 1542380482513
15:02:03.788 INFO  runners.BBOSBaseCucumberRunnerSearchTest -@@AfterSuite - Test Suite Started: 1542380498212
15:17:30.462 INFO  runners.BBOSBaseCucumberRunnerLoginTest -@BeforeSuite - Test Suite Started: 1542381450455
15:17:49.733 INFO  runners.BBOSBaseCucumberRunnerSearchTest -@@BeforeSuite - Test Suite Started: 1542381469733
15:17:50.621 INFO  runners.BBOSBaseCucumberRunnerLoginTest -@BeforeMethod 
15:17:50.645 ERROR runners.BBOSBaseCucumberRunnerSearchTest -@@@AfterMethod - Fail:feature
15:17:50.662 INFO  runners.BBOSBaseCucumberRunnerLoginTest -@AfterMethod 
15:17:50.662 ERROR runners.BBOSBaseCucumberRunnerLoginTest -@@@AfterMethod - Fail:feature
15:17:50.663 INFO  runners.BBOSBaseCucumberRunnerLoginTest -@AfterClass: 
15:17:50.696 ERROR runners.BBOSBaseCucumberRunnerSearchTest -@@@AfterMethod - Fail:feature
15:17:50.701 ERROR runners.BBOSBaseCucumberRunnerSearchTest -@@@AfterMethod - Fail:feature
15:17:50.701 INFO  runners.BBOSBaseCucumberRunnerSearchTest -@@AfterClass: 
15:17:51.152 INFO  runners.BBOSBaseCucumberRunnerLoginTest -@@AfterSuite - Test Suite Started: 1542381450455
15:17:52.025 INFO  runners.BBOSBaseCucumberRunnerSearchTest -@@AfterSuite - Test Suite Started: 1542381469733
15:19:00.871 INFO  runners.BBOSBaseCucumberRunnerLoginTest -@BeforeSuite - Test Suite Started: 1542381540866
15:19:17.128 INFO  runners.BBOSBaseCucumberRunnerSearchTest -@@BeforeSuite - Test Suite Started: 1542381557127
15:19:18.083 INFO  runners.BBOSBaseCucumberRunnerLoginTest -@BeforeMethod 
15:19:18.314 INFO  runners.BBOSBaseCucumberRunnerLoginTest -@AfterMethod 
15:19:18.314 ERROR runners.BBOSBaseCucumberRunnerLoginTest -@@@AfterMethod - Fail:feature
15:19:18.315 INFO  runners.BBOSBaseCucumberRunnerLoginTest -@AfterClass: 
15:19:23.506 ERROR runners.BBOSBaseCucumberRunnerSearchTest -@@@AfterMethod - Fail:feature
15:19:28.604 ERROR runners.BBOSBaseCucumberRunnerSearchTest -@@@AfterMethod - Fail:feature
15:19:33.710 ERROR runners.BBOSBaseCucumberRunnerSearchTest -@@@AfterMethod - Fail:feature
15:19:33.711 INFO  runners.BBOSBaseCucumberRunnerSearchTest -@@AfterClass: 
15:19:34.250 INFO  runners.BBOSBaseCucumberRunnerLoginTest -@@AfterSuite - Test Suite Started: 1542381540866
15:19:35.117 INFO  runners.BBOSBaseCucumberRunnerSearchTest -@@AfterSuite - Test Suite Started: 1542381557127
